\BOOKMARK [1][-]{figure.caption.1}{Abstract}{}% 1
\BOOKMARK [1][-]{figure.caption.1}{Acknowledgement}{}% 2
\BOOKMARK [1][-]{section.1}{Introduction}{}% 3
\BOOKMARK [2][-]{subsection.1.1}{Definition\040and\040aim\040of\040Geomarketing}{section.1}% 4
\BOOKMARK [2][-]{subsection.1.2}{microm\040Micromarketing-Systems\040and\040Consult\040GmbH}{section.1}% 5
\BOOKMARK [2][-]{subsection.1.3}{Motivation\040and\040Research\040Question}{section.1}% 6
\BOOKMARK [2][-]{subsection.1.4}{Methods}{section.1}% 7
\BOOKMARK [2][-]{subsection.1.5}{Outline}{section.1}% 8
\BOOKMARK [1][-]{section.2}{Related\040Work}{}% 9
\BOOKMARK [2][-]{subsection.2.1}{KIT\040-\040Institute\040of\040Operations\040Research:\040discrete\040optimization\040and\040logistic}{section.2}% 10
\BOOKMARK [2][-]{subsection.2.2}{Easy\040Map\040District\040Manager}{section.2}% 11
\BOOKMARK [2][-]{subsection.2.3}{SIM\040Tool}{section.2}% 12
\BOOKMARK [1][-]{section.3}{Fundamentals\040of\040area\040segmentation}{}% 13
\BOOKMARK [2][-]{subsection.3.1}{Notions\040and\040criterias}{section.3}% 14
\BOOKMARK [3][-]{subsubsection.3.1.1}{Basic\040areas}{subsection.3.1}% 15
\BOOKMARK [3][-]{subsubsection.3.1.2}{Number\040of\040territories}{subsection.3.1}% 16
\BOOKMARK [3][-]{subsubsection.3.1.3}{Territory\040centers}{subsection.3.1}% 17
\BOOKMARK [3][-]{subsubsection.3.1.4}{Unique\040assignment\040of\040basic\040areas}{subsection.3.1}% 18
\BOOKMARK [3][-]{subsubsection.3.1.5}{Planning\040criterias}{subsection.3.1}% 19
\BOOKMARK [2][-]{subsection.3.2}{Use\040cases}{section.3}% 20
\BOOKMARK [3][-]{subsubsection.3.2.1}{Sales\040Districting}{subsection.3.2}% 21
\BOOKMARK [3][-]{subsubsection.3.2.2}{Political\040Districting}{subsection.3.2}% 22
\BOOKMARK [3][-]{subsubsection.3.2.3}{Greenfieldanalysis}{subsection.3.2}% 23
\BOOKMARK [3][-]{subsubsection.3.2.4}{Whitespotanalysis}{subsection.3.2}% 24
\BOOKMARK [1][-]{section.4}{Selecting\040approaches\040for\040implementation}{}% 25
\BOOKMARK [2][-]{subsection.4.1}{Overview\040about\040existing\040approaches}{section.4}% 26
\BOOKMARK [2][-]{subsection.4.2}{Selection\040of\040approaches}{section.4}% 27
\BOOKMARK [1][-]{section.5}{Implementation\040of\040area\040segmentation\040approaches}{}% 28
\BOOKMARK [2][-]{subsection.5.1}{Segmentations\040considering\040homogenous\040distribution}{section.5}% 29
\BOOKMARK [3][-]{paragraph.5.1.0.1}{Considering\040just\040Criteria}{subsection.5.1}% 30
\BOOKMARK [4][-]{paragraph.5.1.0.2}{Considering\040average\040criteria\040value\040in\040proportion\040to\040number\040of\040locations}{paragraph.5.1.0.1}% 31
\BOOKMARK [2][-]{subsection.5.2}{Segmentations\040considering\040distance}{section.5}% 32
\BOOKMARK [3][-]{paragraph.5.2.0.3}{Considering\040just\040Distance}{subsection.5.2}% 33
\BOOKMARK [2][-]{subsection.5.3}{Segmentations\040considering\040criteria\040and\040distance}{section.5}% 34
\BOOKMARK [3][-]{paragraph.5.3.0.4}{Criteria\040and\040Distance:\040from\040inside\040to\040outside:\040SmallestCritGetsNearest}{subsection.5.3}% 35
\BOOKMARK [4][-]{paragraph.5.3.0.5}{Criteria\040and\040Distance:\040from\040inside\040to\040outside:\040SmallestCritGetsTrueNearest}{paragraph.5.3.0.4}% 36
\BOOKMARK [4][-]{paragraph.5.3.0.6}{Criteria\040and\040Distance:\040from\040outside\040to\040inside\040+\040inside\040to\040outside}{paragraph.5.3.0.4}% 37
\BOOKMARK [4][-]{paragraph.5.3.0.7}{sum\040of\040criteria\040divided\040by\040number\040locations\040+\040Distance}{paragraph.5.3.0.4}% 38
\BOOKMARK [4][-]{paragraph.5.3.0.8}{Distance\040+\040criteria}{paragraph.5.3.0.4}% 39
\BOOKMARK [1][-]{section.6}{Problems\040of\040the\040implemented\040approaches}{}% 40
\BOOKMARK [2][-]{subsection.6.1}{Performance}{section.6}% 41
\BOOKMARK [2][-]{subsection.6.2}{Requirements\040from\040the\040field\040of\040Geomarketing}{section.6}% 42
\BOOKMARK [3][-]{subsubsection.6.2.1}{Incoherent\040areas}{subsection.6.2}% 43
\BOOKMARK [3][-]{subsubsection.6.2.2}{Inhomogeneous\040distribution}{subsection.6.2}% 44
\BOOKMARK [3][-]{subsubsection.6.2.3}{Rearrangement\040/\040Infinite\040loops\040during\040rearrangement}{subsection.6.2}% 45
\BOOKMARK [3][-]{subsubsection.6.2.4}{Need\040of\040threshold\040Values}{subsection.6.2}% 46
\BOOKMARK [1][-]{section.7}{Comparison\040of\040implemented\040approaches}{}% 47
\BOOKMARK [2][-]{subsection.7.1}{Performance}{section.7}% 48
\BOOKMARK [2][-]{subsection.7.2}{Problems}{section.7}% 49
\BOOKMARK [2][-]{subsection.7.3}{Requirements}{section.7}% 50
\BOOKMARK [2][-]{subsection.7.4}{Conclusion}{section.7}% 51
\BOOKMARK [1][-]{section.8}{Application\040of\040algorithm\040XYZ\040to\040Geomarketing\040analysis}{}% 52
\BOOKMARK [2][-]{subsection.8.1}{Optimization\040of\040Areas}{section.8}% 53
\BOOKMARK [3][-]{subsubsection.8.1.1}{Conditions\040and\040Aims}{subsection.8.1}% 54
\BOOKMARK [3][-]{subsubsection.8.1.2}{Approach\040of\040algorithm}{subsection.8.1}% 55
\BOOKMARK [2][-]{subsection.8.2}{Greenfieldanalysis}{section.8}% 56
\BOOKMARK [3][-]{subsubsection.8.2.1}{Conditions\040and\040Aims}{subsection.8.2}% 57
\BOOKMARK [3][-]{subsubsection.8.2.2}{Approach\040of\040algorithm}{subsection.8.2}% 58
\BOOKMARK [2][-]{subsection.8.3}{Whitespotanalysis}{section.8}% 59
\BOOKMARK [3][-]{subsubsection.8.3.1}{Conditions\040and\040Aims}{subsection.8.3}% 60
\BOOKMARK [3][-]{subsubsection.8.3.2}{Approach\040of\040algorithm}{subsection.8.3}% 61
\BOOKMARK [1][-]{section.9}{Realworld\040scenario:\040integretaded\040Algorithm\040to\040the\040mapChart\040Manager}{}% 62
\BOOKMARK [1][-]{section.10}{Evaluation}{}% 63
\BOOKMARK [1][-]{section.11}{Discussion\040and\040Perspective}{}% 64
\BOOKMARK [2][-]{subsection.11.1}{Summary}{section.11}% 65
\BOOKMARK [2][-]{subsection.11.2}{Limitations}{section.11}% 66
\BOOKMARK [2][-]{subsection.11.3}{Comparison\040to\040related\040work}{section.11}% 67
\BOOKMARK [2][-]{subsection.11.4}{Perspective}{section.11}% 68
